Base path: C:/Program Files/Unity/Editor/Data
Cmd: getPlatforms
Cmd: compileSnippet
  api=5 type=0 insize=6658 outsize=5124 kw=DIRECTIONAL LIGHTMAP_OFF DIRLIGHTMAP_OFF DYNAMICLIGHTMAP_OFF VERTEXLIGHT_ON pd=UNITY_NO_DXT5nm UNITY_NO_RGBM UNITY_NO_SCREENSPACE_SHADOWS UNITY_NO_LINEAR_COLORSPACE UNITY_ENABLE_REFLECTION_BUFFERS UNITY_FRAMEBUFFER_FETCH_AVAILABLE UNITY_NO_FULL_STANDARD_SHADER UNITY_PBS_USE_BRDF2 SHADER_API_MOBILE ok=1
Cmd: disassembleShader
  api=5 insize=5124 outsize=5124 ok=1
Cmd: compileSnippet
  api=5 type=0 insize=3591 outsize=2156 kw=DIRECTIONAL pd=UNITY_NO_DXT5nm UNITY_NO_RGBM UNITY_NO_SCREENSPACE_SHADOWS UNITY_NO_LINEAR_COLORSPACE UNITY_ENABLE_REFLECTION_BUFFERS UNITY_FRAMEBUFFER_FETCH_AVAILABLE UNITY_NO_FULL_STANDARD_SHADER UNITY_PBS_USE_BRDF2 SHADER_API_MOBILE ok=1
Cmd: disassembleShader
  api=5 insize=2156 outsize=2156 ok=1
Cmd: compileSnippet
  api=5 type=0 insize=3591 outsize=3089 kw=SPOT pd=UNITY_NO_DXT5nm UNITY_NO_RGBM UNITY_NO_SCREENSPACE_SHADOWS UNITY_NO_LINEAR_COLORSPACE UNITY_ENABLE_REFLECTION_BUFFERS UNITY_FRAMEBUFFER_FETCH_AVAILABLE UNITY_NO_FULL_STANDARD_SHADER UNITY_PBS_USE_BRDF2 SHADER_API_MOBILE ok=1
Cmd: disassembleShader
  api=5 insize=3089 outsize=3089 ok=1
Cmd: compileSnippet
  api=5 type=0 insize=3591 outsize=2526 kw=DIRECTIONAL_COOKIE pd=UNITY_NO_DXT5nm UNITY_NO_RGBM UNITY_NO_SCREENSPACE_SHADOWS UNITY_NO_LINEAR_COLORSPACE UNITY_ENABLE_REFLECTION_BUFFERS UNITY_FRAMEBUFFER_FETCH_AVAILABLE UNITY_NO_FULL_STANDARD_SHADER UNITY_PBS_USE_BRDF2 SHADER_API_MOBILE ok=1
Cmd: disassembleShader
  api=5 insize=2526 outsize=2526 ok=1
Cmd: compileSnippet
  api=5 type=0 insize=4587 outsize=3990 kw=POINT pd=UNITY_NO_DXT5nm UNITY_NO_RGBM UNITY_NO_SCREENSPACE_SHADOWS UNITY_NO_LINEAR_COLORSPACE UNITY_ENABLE_REFLECTION_BUFFERS UNITY_FRAMEBUFFER_FETCH_AVAILABLE UNITY_NO_FULL_STANDARD_SHADER UNITY_PBS_USE_BRDF2 SHADER_API_MOBILE ok=1
Cmd: disassembleShader
  api=5 insize=3990 outsize=3990 ok=1
Cmd: compileSnippet
  api=5 type=0 insize=877 outsize=7041 kw=DIRECTIONAL SHADOWS_SCREEN LIGHTMAP_OFF DIRLIGHTMAP_OFF DYNAMICLIGHTMAP_OFF pd=UNITY_NO_DXT5nm UNITY_NO_RGBM UNITY_NO_SCREENSPACE_SHADOWS UNITY_NO_LINEAR_COLORSPACE UNITY_ENABLE_REFLECTION_BUFFERS UNITY_FRAMEBUFFER_FETCH_AVAILABLE UNITY_NO_FULL_STANDARD_SHADER UNITY_PBS_USE_BRDF2 SHADER_API_MOBILE ok=1
Cmd: disassembleShader
  api=5 insize=7041 outsize=7041 ok=1
Cmd: compileSnippet
  api=5 type=0 insize=877 outsize=8760 kw=DIRECTIONAL SHADOWS_SCREEN LIGHTMAP_OFF DIRLIGHTMAP_OFF DYNAMICLIGHTMAP_OFF VERTEXLIGHT_ON pd=UNITY_NO_DXT5nm UNITY_NO_RGBM UNITY_NO_SCREENSPACE_SHADOWS UNITY_NO_LINEAR_COLORSPACE UNITY_ENABLE_REFLECTION_BUFFERS UNITY_FRAMEBUFFER_FETCH_AVAILABLE UNITY_NO_FULL_STANDARD_SHADER UNITY_PBS_USE_BRDF2 SHADER_API_MOBILE ok=1
Cmd: disassembleShader
  api=5 insize=8760 outsize=8760 ok=1
Cmd: compileSnippet
  api=5 type=0 insize=877 outsize=8773 kw=DIRECTIONAL SHADOWS_SCREEN SHADOWS_NATIVE LIGHTMAP_OFF DIRLIGHTMAP_OFF DYNAMICLIGHTMAP_OFF VERTEXLIGHT_ON pd=UNITY_NO_DXT5nm UNITY_NO_RGBM UNITY_NO_SCREENSPACE_SHADOWS UNITY_NO_LINEAR_COLORSPACE UNITY_ENABLE_REFLECTION_BUFFERS UNITY_FRAMEBUFFER_FETCH_AVAILABLE UNITY_NO_FULL_STANDARD_SHADER UNITY_PBS_USE_BRDF2 SHADER_API_MOBILE ok=1
Cmd: disassembleShader
  api=5 insize=8773 outsize=8773 ok=1
Cmd: compileSnippet
  api=5 type=0 insize=808 outsize=3872 kw=DIRECTIONAL SHADOWS_OFF pd=UNITY_NO_DXT5nm UNITY_NO_RGBM UNITY_NO_SCREENSPACE_SHADOWS UNITY_NO_LINEAR_COLORSPACE UNITY_ENABLE_REFLECTION_BUFFERS UNITY_FRAMEBUFFER_FETCH_AVAILABLE UNITY_NO_FULL_STANDARD_SHADER UNITY_PBS_USE_BRDF2 SHADER_API_MOBILE ok=1
Cmd: disassembleShader
  api=5 insize=3872 outsize=3872 ok=1
Cmd: compileSnippet
  api=5 type=0 insize=808 outsize=4705 kw=SPOT SHADOWS_OFF pd=UNITY_NO_DXT5nm UNITY_NO_RGBM UNITY_NO_SCREENSPACE_SHADOWS UNITY_NO_LINEAR_COLORSPACE UNITY_ENABLE_REFLECTION_BUFFERS UNITY_FRAMEBUFFER_FETCH_AVAILABLE UNITY_NO_FULL_STANDARD_SHADER UNITY_PBS_USE_BRDF2 SHADER_API_MOBILE ok=1
Cmd: disassembleShader
  api=5 insize=4705 outsize=4705 ok=1
Cmd: compileSnippet
  api=5 type=0 insize=808 outsize=5434 kw=SPOT SHADOWS_DEPTH SHADOWS_NONATIVE pd=UNITY_NO_DXT5nm UNITY_NO_RGBM UNITY_NO_SCREENSPACE_SHADOWS UNITY_NO_LINEAR_COLORSPACE UNITY_ENABLE_REFLECTION_BUFFERS UNITY_FRAMEBUFFER_FETCH_AVAILABLE UNITY_NO_FULL_STANDARD_SHADER UNITY_PBS_USE_BRDF2 SHADER_API_MOBILE ok=1
Cmd: disassembleShader
  api=5 insize=5434 outsize=5434 ok=1
Cmd: compileSnippet
  api=5 type=0 insize=808 outsize=4436 kw=DIRECTIONAL SHADOWS_SCREEN pd=UNITY_NO_DXT5nm UNITY_NO_RGBM UNITY_NO_SCREENSPACE_SHADOWS UNITY_NO_LINEAR_COLORSPACE UNITY_ENABLE_REFLECTION_BUFFERS UNITY_FRAMEBUFFER_FETCH_AVAILABLE UNITY_NO_FULL_STANDARD_SHADER UNITY_PBS_USE_BRDF2 SHADER_API_MOBILE ok=1
Cmd: disassembleShader
  api=5 insize=4436 outsize=4436 ok=1
Cmd: compileSnippet
  api=5 type=0 insize=808 outsize=5104 kw=POINT SHADOWS_CUBE pd=UNITY_NO_DXT5nm UNITY_NO_RGBM UNITY_NO_SCREENSPACE_SHADOWS UNITY_NO_LINEAR_COLORSPACE UNITY_ENABLE_REFLECTION_BUFFERS UNITY_FRAMEBUFFER_FETCH_AVAILABLE UNITY_NO_FULL_STANDARD_SHADER UNITY_PBS_USE_BRDF2 SHADER_API_MOBILE ok=1
Cmd: disassembleShader
  api=5 insize=5104 outsize=5104 ok=1
Cmd: compileSnippet
  api=5 type=0 insize=808 outsize=4449 kw=DIRECTIONAL SHADOWS_SCREEN SHADOWS_NATIVE pd=UNITY_NO_DXT5nm UNITY_NO_RGBM UNITY_NO_SCREENSPACE_SHADOWS UNITY_NO_LINEAR_COLORSPACE UNITY_ENABLE_REFLECTION_BUFFERS UNITY_FRAMEBUFFER_FETCH_AVAILABLE UNITY_NO_FULL_STANDARD_SHADER UNITY_PBS_USE_BRDF2 SHADER_API_MOBILE ok=1
Cmd: disassembleShader
  api=5 insize=4449 outsize=4449 ok=1
Cmd: compileSnippet
  api=5 type=0 insize=600 outsize=872 kw=SHADOWS_CUBE pd=UNITY_NO_DXT5nm UNITY_NO_RGBM UNITY_NO_SCREENSPACE_SHADOWS UNITY_NO_LINEAR_COLORSPACE UNITY_ENABLE_REFLECTION_BUFFERS UNITY_FRAMEBUFFER_FETCH_AVAILABLE UNITY_NO_FULL_STANDARD_SHADER UNITY_PBS_USE_BRDF2 SHADER_API_MOBILE ok=1
Cmd: disassembleShader
  api=5 insize=872 outsize=872 ok=1
Cmd: disassembleShader
  api=5 insize=3921 outsize=3921 ok=1
Cmd: disassembleShader
  api=5 insize=833 outsize=833 ok=1
Cmd: compileSnippet
  api=5 type=1 insize=3591 outsize=0 kw=DIRECTIONAL pd=UNITY_NO_DXT5nm UNITY_NO_RGBM UNITY_NO_SCREENSPACE_SHADOWS UNITY_NO_LINEAR_COLORSPACE UNITY_ENABLE_REFLECTION_BUFFERS UNITY_FRAMEBUFFER_FETCH_AVAILABLE UNITY_NO_FULL_STANDARD_SHADER UNITY_PBS_USE_BRDF2 SHADER_API_MOBILE ok=1
Cmd: compileSnippet
  api=5 type=1 insize=3591 outsize=0 kw=SPOT pd=UNITY_NO_DXT5nm UNITY_NO_RGBM UNITY_NO_SCREENSPACE_SHADOWS UNITY_NO_LINEAR_COLORSPACE UNITY_ENABLE_REFLECTION_BUFFERS UNITY_FRAMEBUFFER_FETCH_AVAILABLE UNITY_NO_FULL_STANDARD_SHADER UNITY_PBS_USE_BRDF2 SHADER_API_MOBILE ok=1
Cmd: compileSnippet
  api=5 type=1 insize=3591 outsize=0 kw=DIRECTIONAL_COOKIE pd=UNITY_NO_DXT5nm UNITY_NO_RGBM UNITY_NO_SCREENSPACE_SHADOWS UNITY_NO_LINEAR_COLORSPACE UNITY_ENABLE_REFLECTION_BUFFERS UNITY_FRAMEBUFFER_FETCH_AVAILABLE UNITY_NO_FULL_STANDARD_SHADER UNITY_PBS_USE_BRDF2 SHADER_API_MOBILE ok=1
Cmd: compileSnippet
  api=5 type=1 insize=4587 outsize=0 kw=POINT pd=UNITY_NO_DXT5nm UNITY_NO_RGBM UNITY_NO_SCREENSPACE_SHADOWS UNITY_NO_LINEAR_COLORSPACE UNITY_ENABLE_REFLECTION_BUFFERS UNITY_FRAMEBUFFER_FETCH_AVAILABLE UNITY_NO_FULL_STANDARD_SHADER UNITY_PBS_USE_BRDF2 SHADER_API_MOBILE ok=1
Cmd: compileSnippet
  api=5 type=1 insize=4587 outsize=0 kw=SPOT pd=UNITY_NO_DXT5nm UNITY_NO_RGBM UNITY_NO_SCREENSPACE_SHADOWS UNITY_NO_LINEAR_COLORSPACE UNITY_ENABLE_REFLECTION_BUFFERS UNITY_FRAMEBUFFER_FETCH_AVAILABLE UNITY_NO_FULL_STANDARD_SHADER UNITY_PBS_USE_BRDF2 SHADER_API_MOBILE ok=1
Cmd: compileSnippet
  api=5 type=1 insize=877 outsize=0 kw=DIRECTIONAL SHADOWS_SCREEN LIGHTMAP_OFF DIRLIGHTMAP_OFF DYNAMICLIGHTMAP_OFF pd=UNITY_NO_DXT5nm UNITY_NO_RGBM UNITY_NO_SCREENSPACE_SHADOWS UNITY_NO_LINEAR_COLORSPACE UNITY_ENABLE_REFLECTION_BUFFERS UNITY_FRAMEBUFFER_FETCH_AVAILABLE UNITY_NO_FULL_STANDARD_SHADER UNITY_PBS_USE_BRDF2 SHADER_API_MOBILE ok=1
Cmd: compileSnippet
  api=5 type=1 insize=877 outsize=0 kw=DIRECTIONAL SHADOWS_SCREEN SHADOWS_NATIVE LIGHTMAP_OFF DIRLIGHTMAP_OFF DYNAMICLIGHTMAP_OFF pd=UNITY_NO_DXT5nm UNITY_NO_RGBM UNITY_NO_SCREENSPACE_SHADOWS UNITY_NO_LINEAR_COLORSPACE UNITY_ENABLE_REFLECTION_BUFFERS UNITY_FRAMEBUFFER_FETCH_AVAILABLE UNITY_NO_FULL_STANDARD_SHADER UNITY_PBS_USE_BRDF2 SHADER_API_MOBILE ok=1
Cmd: compileSnippet
  api=5 type=1 insize=808 outsize=0 kw=DIRECTIONAL SHADOWS_OFF pd=UNITY_NO_DXT5nm UNITY_NO_RGBM UNITY_NO_SCREENSPACE_SHADOWS UNITY_NO_LINEAR_COLORSPACE UNITY_ENABLE_REFLECTION_BUFFERS UNITY_FRAMEBUFFER_FETCH_AVAILABLE UNITY_NO_FULL_STANDARD_SHADER UNITY_PBS_USE_BRDF2 SHADER_API_MOBILE ok=1
Cmd: compileSnippet
  api=5 type=1 insize=808 outsize=0 kw=SPOT SHADOWS_OFF pd=UNITY_NO_DXT5nm UNITY_NO_RGBM UNITY_NO_SCREENSPACE_SHADOWS UNITY_NO_LINEAR_COLORSPACE UNITY_ENABLE_REFLECTION_BUFFERS UNITY_FRAMEBUFFER_FETCH_AVAILABLE UNITY_NO_FULL_STANDARD_SHADER UNITY_PBS_USE_BRDF2 SHADER_API_MOBILE ok=1
Cmd: compileSnippet
  api=5 type=1 insize=808 outsize=0 kw=POINT_COOKIE SHADOWS_OFF pd=UNITY_NO_DXT5nm UNITY_NO_RGBM UNITY_NO_SCREENSPACE_SHADOWS UNITY_NO_LINEAR_COLORSPACE UNITY_ENABLE_REFLECTION_BUFFERS UNITY_FRAMEBUFFER_FETCH_AVAILABLE UNITY_NO_FULL_STANDARD_SHADER UNITY_PBS_USE_BRDF2 SHADER_API_MOBILE ok=1
Cmd: compileSnippet
  api=5 type=1 insize=808 outsize=0 kw=SPOT SHADOWS_DEPTH SHADOWS_NONATIVE pd=UNITY_NO_DXT5nm UNITY_NO_RGBM UNITY_NO_SCREENSPACE_SHADOWS UNITY_NO_LINEAR_COLORSPACE UNITY_ENABLE_REFLECTION_BUFFERS UNITY_FRAMEBUFFER_FETCH_AVAILABLE UNITY_NO_FULL_STANDARD_SHADER UNITY_PBS_USE_BRDF2 SHADER_API_MOBILE ok=1
Cmd: compileSnippet
  api=5 type=1 insize=808 outsize=0 kw=SPOT SHADOWS_DEPTH SHADOWS_NATIVE pd=UNITY_NO_DXT5nm UNITY_NO_RGBM UNITY_NO_SCREENSPACE_SHADOWS UNITY_NO_LINEAR_COLORSPACE UNITY_ENABLE_REFLECTION_BUFFERS UNITY_FRAMEBUFFER_FETCH_AVAILABLE UNITY_NO_FULL_STANDARD_SHADER UNITY_PBS_USE_BRDF2 SHADER_API_MOBILE ok=1
Cmd: compileSnippet
  api=5 type=1 insize=808 outsize=0 kw=DIRECTIONAL_COOKIE SHADOWS_SCREEN pd=UNITY_NO_DXT5nm UNITY_NO_RGBM UNITY_NO_SCREENSPACE_SHADOWS UNITY_NO_LINEAR_COLORSPACE UNITY_ENABLE_REFLECTION_BUFFERS UNITY_FRAMEBUFFER_FETCH_AVAILABLE UNITY_NO_FULL_STANDARD_SHADER UNITY_PBS_USE_BRDF2 SHADER_API_MOBILE ok=1
Cmd: compileSnippet
  api=5 type=1 insize=808 outsize=0 kw=POINT_COOKIE SHADOWS_CUBE pd=UNITY_NO_DXT5nm UNITY_NO_RGBM UNITY_NO_SCREENSPACE_SHADOWS UNITY_NO_LINEAR_COLORSPACE UNITY_ENABLE_REFLECTION_BUFFERS UNITY_FRAMEBUFFER_FETCH_AVAILABLE UNITY_NO_FULL_STANDARD_SHADER UNITY_PBS_USE_BRDF2 SHADER_API_MOBILE ok=1
Cmd: compileSnippet
  api=5 type=1 insize=808 outsize=0 kw=DIRECTIONAL_COOKIE SHADOWS_SCREEN SHADOWS_NATIVE pd=UNITY_NO_DXT5nm UNITY_NO_RGBM UNITY_NO_SCREENSPACE_SHADOWS UNITY_NO_LINEAR_COLORSPACE UNITY_ENABLE_REFLECTION_BUFFERS UNITY_FRAMEBUFFER_FETCH_AVAILABLE UNITY_NO_FULL_STANDARD_SHADER UNITY_PBS_USE_BRDF2 SHADER_API_MOBILE ok=1
Cmd: compileSnippet
  api=5 type=1 insize=600 outsize=0 kw=SHADOWS_CUBE pd=UNITY_NO_DXT5nm UNITY_NO_RGBM UNITY_NO_SCREENSPACE_SHADOWS UNITY_NO_LINEAR_COLORSPACE UNITY_ENABLE_REFLECTION_BUFFERS UNITY_FRAMEBUFFER_FETCH_AVAILABLE UNITY_NO_FULL_STANDARD_SHADER UNITY_PBS_USE_BRDF2 SHADER_API_MOBILE ok=1
Cmd: disassembleShader
  api=5 insize=5124 outsize=5124 ok=1
Cmd: disassembleShader
  api=5 insize=2156 outsize=2156 ok=1
Cmd: disassembleShader
  api=5 insize=2712 outsize=2712 ok=1
Cmd: disassembleShader
  api=5 insize=3990 outsize=3990 ok=1
Cmd: disassembleShader
  api=5 insize=7041 outsize=7041 ok=1
Cmd: disassembleShader
  api=5 insize=8760 outsize=8760 ok=1
Cmd: disassembleShader
  api=5 insize=8773 outsize=8773 ok=1
Cmd: disassembleShader
  api=5 insize=3872 outsize=3872 ok=1
Cmd: disassembleShader
  api=5 insize=4488 outsize=4488 ok=1
Cmd: disassembleShader
  api=5 insize=5434 outsize=5434 ok=1
Cmd: disassembleShader
  api=5 insize=4436 outsize=4436 ok=1
Cmd: disassembleShader
  api=5 insize=5104 outsize=5104 ok=1
Cmd: disassembleShader
  api=5 insize=4449 outsize=4449 ok=1
Cmd: disassembleShader
  api=5 insize=872 outsize=872 ok=1
Cmd: disassembleShader
  api=5 insize=3921 outsize=3921 ok=1
Cmd: disassembleShader
  api=5 insize=833 outsize=833 ok=1
Cmd: disassembleShader
  api=5 insize=7041 outsize=7041 ok=1
Cmd: disassembleShader
  api=5 insize=7054 outsize=7054 ok=1
Cmd: disassembleShader
  api=5 insize=8773 outsize=8773 ok=1
Cmd: disassembleShader
  api=5 insize=3872 outsize=3872 ok=1
Cmd: disassembleShader
  api=5 insize=4488 outsize=4488 ok=1
Cmd: disassembleShader
  api=5 insize=4181 outsize=4181 ok=1
Cmd: disassembleShader
  api=5 insize=5468 outsize=5468 ok=1
Cmd: disassembleShader
  api=5 insize=4436 outsize=4436 ok=1
Cmd: disassembleShader
  api=5 insize=5104 outsize=5104 ok=1
Cmd: disassembleShader
  api=5 insize=5253 outsize=5253 ok=1
Cmd: disassembleShader
  api=5 insize=4838 outsize=4838 ok=1
Cmd: disassembleShader
  api=5 insize=872 outsize=872 ok=1
Cmd: disassembleShader
  api=5 insize=3921 outsize=3921 ok=1
Cmd: disassembleShader
  api=5 insize=833 outsize=833 ok=1
Cmd: disassembleShader
  api=5 insize=5124 outsize=5124 ok=1
Cmd: disassembleShader
  api=5 insize=2156 outsize=2156 ok=1
Cmd: disassembleShader
  api=5 insize=2712 outsize=2712 ok=1
Cmd: disassembleShader
  api=5 insize=2526 outsize=2526 ok=1
Cmd: disassembleShader
  api=5 insize=3990 outsize=3990 ok=1
Cmd: disassembleShader
  api=5 insize=4309 outsize=4309 ok=1
Cmd: disassembleShader
  api=5 insize=7041 outsize=7041 ok=1
Cmd: disassembleShader
  api=5 insize=8760 outsize=8760 ok=1
Cmd: disassembleShader
  api=5 insize=8773 outsize=8773 ok=1
Cmd: disassembleShader
  api=5 insize=3872 outsize=3872 ok=1
Cmd: disassembleShader
  api=5 insize=4488 outsize=4488 ok=1
Cmd: disassembleShader
  api=5 insize=5434 outsize=5434 ok=1
Cmd: disassembleShader
  api=5 insize=4436 outsize=4436 ok=1
Cmd: disassembleShader
  api=5 insize=5104 outsize=5104 ok=1
Cmd: disassembleShader
  api=5 insize=4449 outsize=4449 ok=1
Cmd: disassembleShader
  api=5 insize=872 outsize=872 ok=1
Cmd: disassembleShader
  api=5 insize=3921 outsize=3921 ok=1
Cmd: disassembleShader
  api=5 insize=833 outsize=833 ok=1
Cmd: disassembleShader
  api=5 insize=5124 outsize=5124 ok=1
Cmd: disassembleShader
  api=5 insize=2156 outsize=2156 ok=1
Cmd: disassembleShader
  api=5 insize=2712 outsize=2712 ok=1
Cmd: disassembleShader
  api=5 insize=3990 outsize=3990 ok=1
Cmd: disassembleShader
  api=5 insize=7041 outsize=7041 ok=1
Cmd: disassembleShader
  api=5 insize=8760 outsize=8760 ok=1
Cmd: disassembleShader
  api=5 insize=8773 outsize=8773 ok=1
Cmd: disassembleShader
  api=5 insize=3872 outsize=3872 ok=1
Cmd: disassembleShader
  api=5 insize=4488 outsize=4488 ok=1
Cmd: disassembleShader
  api=5 insize=5434 outsize=5434 ok=1
Cmd: disassembleShader
  api=5 insize=4436 outsize=4436 ok=1
Cmd: disassembleShader
  api=5 insize=5104 outsize=5104 ok=1
Cmd: disassembleShader
  api=5 insize=4449 outsize=4449 ok=1
Cmd: disassembleShader
  api=5 insize=872 outsize=872 ok=1
Cmd: disassembleShader
  api=5 insize=3921 outsize=3921 ok=1
Cmd: disassembleShader
  api=5 insize=833 outsize=833 ok=1
Cmd: disassembleShader
  api=5 insize=5124 outsize=5124 ok=1
Cmd: disassembleShader
  api=5 insize=2156 outsize=2156 ok=1
Cmd: disassembleShader
  api=5 insize=2526 outsize=2526 ok=1
Cmd: disassembleShader
  api=5 insize=3990 outsize=3990 ok=1
Cmd: disassembleShader
  api=5 insize=7041 outsize=7041 ok=1
Cmd: disassembleShader
  api=5 insize=8760 outsize=8760 ok=1
Cmd: disassembleShader
  api=5 insize=8773 outsize=8773 ok=1
Cmd: disassembleShader
  api=5 insize=3872 outsize=3872 ok=1
Cmd: disassembleShader
  api=5 insize=4488 outsize=4488 ok=1
Cmd: disassembleShader
  api=5 insize=5468 outsize=5468 ok=1
Cmd: disassembleShader
  api=5 insize=4770 outsize=4770 ok=1
Cmd: disassembleShader
  api=5 insize=5253 outsize=5253 ok=1
Cmd: disassembleShader
  api=5 insize=4838 outsize=4838 ok=1
Cmd: disassembleShader
  api=5 insize=872 outsize=872 ok=1
Cmd: disassembleShader
  api=5 insize=3921 outsize=3921 ok=1
Cmd: disassembleShader
  api=5 insize=833 outsize=833 ok=1
Cmd: disassembleShader
  api=5 insize=5124 outsize=5124 ok=1
Cmd: disassembleShader
  api=5 insize=2156 outsize=2156 ok=1
Cmd: disassembleShader
  api=5 insize=2712 outsize=2712 ok=1
Cmd: disassembleShader
  api=5 insize=3990 outsize=3990 ok=1
Cmd: disassembleShader
  api=5 insize=7041 outsize=7041 ok=1
Cmd: disassembleShader
  api=5 insize=8760 outsize=8760 ok=1
Cmd: disassembleShader
  api=5 insize=7054 outsize=7054 ok=1
Cmd: disassembleShader
  api=5 insize=3872 outsize=3872 ok=1
Cmd: disassembleShader
  api=5 insize=4705 outsize=4705 ok=1
Cmd: disassembleShader
  api=5 insize=872 outsize=872 ok=1
Cmd: disassembleShader
  api=5 insize=3651 outsize=3651 ok=1
Cmd: disassembleShader
  api=5 insize=3921 outsize=3921 ok=1
Cmd: disassembleShader
  api=5 insize=833 outsize=833 ok=1
Cmd: disassembleShader
  api=5 insize=4051 outsize=4051 ok=1
Cmd: disassembleShader
  api=5 insize=5180 outsize=5180 ok=1
Cmd: disassembleShader
  api=5 insize=5860 outsize=5860 ok=1
Cmd: disassembleShader
  api=5 insize=2212 outsize=2212 ok=1
Cmd: disassembleShader
  api=5 insize=3146 outsize=3146 ok=1
Cmd: disassembleShader
  api=5 insize=1322 outsize=1322 ok=1
Cmd: disassembleShader
  api=5 insize=3492 outsize=3492 ok=1
Cmd: compileSnippet
  api=5 type=0 insize=3093 outsize=2834 kw= pd=UNITY_NO_DXT5nm UNITY_NO_RGBM UNITY_NO_SCREENSPACE_SHADOWS UNITY_NO_LINEAR_COLORSPACE UNITY_ENABLE_REFLECTION_BUFFERS UNITY_FRAMEBUFFER_FETCH_AVAILABLE UNITY_NO_FULL_STANDARD_SHADER UNITY_PBS_USE_BRDF2 SHADER_API_MOBILE ok=1
Cmd: disassembleShader
  api=5 insize=2834 outsize=2834 ok=1
Cmd: disassembleShader
  api=5 insize=3921 outsize=3921 ok=1
Cmd: disassembleShader
  api=5 insize=833 outsize=833 ok=1
Cmd: disassembleShader
  api=5 insize=5124 outsize=5124 ok=1
Cmd: disassembleShader
  api=5 insize=2156 outsize=2156 ok=1
Cmd: disassembleShader
  api=5 insize=2712 outsize=2712 ok=1
Cmd: disassembleShader
  api=5 insize=2526 outsize=2526 ok=1
Cmd: disassembleShader
  api=5 insize=3990 outsize=3990 ok=1
Cmd: disassembleShader
  api=5 insize=4051 outsize=4051 ok=1
Cmd: disassembleShader
  api=5 insize=5846 outsize=5846 ok=1
Cmd: disassembleShader
  api=5 insize=5860 outsize=5860 ok=1
Cmd: disassembleShader
  api=5 insize=2212 outsize=2212 ok=1
Cmd: disassembleShader
  api=5 insize=2768 outsize=2768 ok=1
Cmd: disassembleShader
  api=5 insize=3492 outsize=3492 ok=1
Cmd: disassembleShader
  api=5 insize=3921 outsize=3921 ok=1
Cmd: disassembleShader
  api=5 insize=833 outsize=833 ok=1
Cmd: disassembleShader
  api=5 insize=4051 outsize=4051 ok=1
Cmd: disassembleShader
  api=5 insize=5846 outsize=5846 ok=1
Cmd: disassembleShader
  api=5 insize=5860 outsize=5860 ok=1
Cmd: disassembleShader
  api=5 insize=2212 outsize=2212 ok=1
Cmd: disassembleShader
  api=5 insize=2768 outsize=2768 ok=1
Cmd: disassembleShader
  api=5 insize=3492 outsize=3492 ok=1
Cmd: disassembleShader
  api=5 insize=3921 outsize=3921 ok=1
Cmd: disassembleShader
  api=5 insize=833 outsize=833 ok=1
Cmd: disassembleShader
  api=5 insize=7041 outsize=7041 ok=1
Cmd: disassembleShader
  api=5 insize=7054 outsize=7054 ok=1
Cmd: disassembleShader
  api=5 insize=8773 outsize=8773 ok=1
Cmd: disassembleShader
  api=5 insize=3872 outsize=3872 ok=1
Cmd: disassembleShader
  api=5 insize=4705 outsize=4705 ok=1
Cmd: disassembleShader
  api=5 insize=872 outsize=872 ok=1
Cmd: disassembleShader
  api=5 insize=3921 outsize=3921 ok=1
Cmd: disassembleShader
  api=5 insize=833 outsize=833 ok=1
Cmd: disassembleShader
  api=5 insize=5124 outsize=5124 ok=1
Cmd: disassembleShader
  api=5 insize=2156 outsize=2156 ok=1
Cmd: disassembleShader
  api=5 insize=2712 outsize=2712 ok=1
Cmd: disassembleShader
  api=5 insize=3990 outsize=3990 ok=1
Cmd: disassembleShader
  api=5 insize=7041 outsize=7041 ok=1
Cmd: disassembleShader
  api=5 insize=7054 outsize=7054 ok=1
Cmd: disassembleShader
  api=5 insize=3872 outsize=3872 ok=1
Cmd: disassembleShader
  api=5 insize=4488 outsize=4488 ok=1
Cmd: disassembleShader
  api=5 insize=5434 outsize=5434 ok=1
Cmd: disassembleShader
  api=5 insize=872 outsize=872 ok=1
Cmd: disassembleShader
  api=5 insize=3921 outsize=3921 ok=1
Cmd: disassembleShader
  api=5 insize=833 outsize=833 ok=1
Cmd: disassembleShader
  api=5 insize=5124 outsize=5124 ok=1
Cmd: disassembleShader
  api=5 insize=2156 outsize=2156 ok=1
Cmd: disassembleShader
  api=5 insize=2712 outsize=2712 ok=1
Cmd: disassembleShader
  api=5 insize=3990 outsize=3990 ok=1
